<?xml version="1.0" encoding="UTF-8"?>
<testsuite xmlns:xsi="http://www.w3.org/2001/XMLSchema-instance" xsi:noNamespaceSchemaLocation="https://maven.apache.org/surefire/maven-surefire-plugin/xsd/surefire-test-report.xsd" version="3.0.2" name="br.com.erudio.integrationtests.swagger.SwaggerIntegrationTest" time="57.956" tests="1" errors="0" skipped="0" failures="0">
  <properties>
[...]
</properties>
  <testcase name="shouldDisplaySwaggerUIPage" classname="br.com.erudio.integrationtests.swagger.SwaggerIntegrationTest" time="2.386">
    <system-out><![CDATA[13:14:38.676 [main] INFO org.springframework.test.context.support.AnnotationConfigContextLoaderUtils -- Could not detect default configuration classes for test class [br.com.erudio.integrationtests.testcontainers.AbstractIntegrationTest]: AbstractIntegrationTest does not declare any static, non-private, non-final, nested classes annotated with @Configuration.
13:14:38.805 [main] INFO org.springframework.boot.test.context.SpringBootTestContextBootstrapper -- Found @SpringBootConfiguration br.com.erudio.Startup for test class br.com.erudio.integrationtests.swagger.SwaggerIntegrationTest
13:14:38.999 [main] INFO org.testcontainers.images.PullPolicy -- Image pull policy will be performed by: DefaultPullPolicy()
13:14:39.002 [main] INFO org.testcontainers.utility.ImageNameSubstitutor -- Image name substitution will be performed by: DefaultImageNameSubstitutor (composite of 'ConfigurationFileImageNameSubstitutor' and 'PrefixingImageNameSubstitutor')
13:14:39.059 [main] INFO org.springframework.boot.devtools.restart.RestartApplicationListener -- Restart disabled due to context in which it is running

  .   ____          _            __ _ _
 /\\ / ___'_ __ _ _(_)_ __  __ _ \ \ \ \
( ( )\___ | '_ | '_| | '_ \/ _` | \ \ \ \
 \\/  ___)| |_)| | | | | || (_| |  ) ) ) )
  '  |____| .__|_| |_|_| |_\__, | / / / /
 =========|_|==============|___/=/_/_/_/

 :: Spring Boot ::                (v3.4.0)

2026-02-21T13:14:39.413-03:00  INFO 6776 --- [rest-with-spring-boot-and-java-erudio] [ers-lifecycle-0] org.testcontainers.DockerClientFactory   : Testcontainers version: 1.20.4
2026-02-21T13:14:39.644-03:00  WARN 6776 --- [rest-with-spring-boot-and-java-erudio] [ers-lifecycle-0] o.t.d.DockerClientProviderStrategy       : Can't instantiate a strategy from org.testcontainers.dockerclient.DockerClientProviderStrategy

java.lang.InstantiationException: null
	at java.base/jdk.internal.reflect.InstantiationExceptionConstructorAccessorImpl.newInstance(InstantiationExceptionConstructorAccessorImpl.java:48) ~[na:na]
	at java.base/java.lang.reflect.Constructor.newInstanceWithCaller(Constructor.java:502) ~[na:na]
	at java.base/java.lang.reflect.ReflectAccess.newInstance(ReflectAccess.java:128) ~[na:na]
	at java.base/jdk.internal.reflect.ReflectionFactory.newInstance(ReflectionFactory.java:304) ~[na:na]
	at java.base/java.lang.Class.newInstance(Class.java:725) ~[na:na]
	at org.testcontainers.dockerclient.DockerClientProviderStrategy.lambda$loadConfiguredStrategy$8(DockerClientProviderStrategy.java:362) ~[testcontainers-1.20.4.jar:1.20.4]
	at java.base/java.util.stream.ReferencePipeline$7$1.accept(ReferencePipeline.java:273) ~[na:na]
	at java.base/java.util.stream.ReferencePipeline$2$1.accept(ReferencePipeline.java:179) ~[na:na]
	at java.base/java.util.stream.Streams$StreamBuilderImpl.tryAdvance(Streams.java:397) ~[na:na]
	at java.base/java.util.stream.ReferencePipeline.forEachWithCancel(ReferencePipeline.java:129) ~[na:na]
	at java.base/java.util.stream.AbstractPipeline.copyIntoWithCancel(AbstractPipeline.java:527) ~[na:na]
	at java.base/java.util.stream.AbstractPipeline.copyInto(AbstractPipeline.java:513) ~[na:na]
	at java.base/java.util.stream.AbstractPipeline.wrapAndCopyInto(AbstractPipeline.java:499) ~[na:na]
	at java.base/java.util.stream.FindOps$FindOp.evaluateSequential(FindOps.java:150) ~[na:na]
	at java.base/java.util.stream.AbstractPipeline.evaluate(AbstractPipeline.java:234) ~[na:na]
	at java.base/java.util.stream.ReferencePipeline.findFirst(ReferencePipeline.java:647) ~[na:na]
	at org.testcontainers.dockerclient.DockerClientProviderStrategy.loadConfiguredStrategy(DockerClientProviderStrategy.java:385) ~[testcontainers-1.20.4.jar:1.20.4]
	at org.testcontainers.dockerclient.DockerClientProviderStrategy.getFirstValidStrategy(DockerClientProviderStrategy.java:242) ~[testcontainers-1.20.4.jar:1.20.4]
	at org.testcontainers.DockerClientFactory.getOrInitializeStrategy(DockerClientFactory.java:154) ~[testcontainers-1.20.4.jar:1.20.4]
	at org.testcontainers.DockerClientFactory.client(DockerClientFactory.java:196) ~[testcontainers-1.20.4.jar:1.20.4]
	at org.testcontainers.DockerClientFactory$1.getDockerClient(DockerClientFactory.java:108) ~[testcontainers-1.20.4.jar:1.20.4]
	at com.github.dockerjava.api.DockerClientDelegate.authConfig(DockerClientDelegate.java:109) ~[docker-java-api-3.4.0.jar:na]
	at org.testcontainers.containers.GenericContainer.start(GenericContainer.java:321) ~[testcontainers-1.20.4.jar:na]
	at java.base/java.util.concurrent.CompletableFuture$UniRun.tryFire(CompletableFuture.java:787) ~[na:na]
	at java.base/java.util.concurrent.CompletableFuture$Completion.run(CompletableFuture.java:482) ~[na:na]
	at java.base/java.util.concurrent.ThreadPoolExecutor.runWorker(ThreadPoolExecutor.java:1144) ~[na:na]
	at java.base/java.util.concurrent.ThreadPoolExecutor$Worker.run(ThreadPoolExecutor.java:642) ~[na:na]
	at java.base/java.lang.Thread.run(Thread.java:1583) ~[na:na]

2026-02-21T13:14:40.049-03:00  INFO 6776 --- [rest-with-spring-boot-and-java-erudio] [ers-lifecycle-0] o.t.d.DockerClientProviderStrategy       : Found Docker environment with Environment variables, system properties and defaults. Resolved dockerHost=npipe:////./pipe/docker_engine
2026-02-21T13:14:40.051-03:00  INFO 6776 --- [rest-with-spring-boot-and-java-erudio] [ers-lifecycle-0] org.testcontainers.DockerClientFactory   : Docker host IP address is localhost
2026-02-21T13:14:40.087-03:00  INFO 6776 --- [rest-with-spring-boot-and-java-erudio] [ers-lifecycle-0] org.testcontainers.DockerClientFactory   : Connected to docker: 
  Server Version: 25.0.3
  API Version: 1.44
  Operating System: Docker Desktop
  Total Memory: 3894 MB
2026-02-21T13:14:40.139-03:00  INFO 6776 --- [rest-with-spring-boot-and-java-erudio] [ers-lifecycle-0] tc.testcontainers/ryuk:0.11.0            : Pulling docker image: testcontainers/ryuk:0.11.0. Please be patient; this may take some time but only needs to be done once.
2026-02-21T13:14:42.308-03:00  INFO 6776 --- [rest-with-spring-boot-and-java-erudio] [ream-1923844829] tc.testcontainers/ryuk:0.11.0            : Starting to pull image
2026-02-21T13:14:42.329-03:00  INFO 6776 --- [rest-with-spring-boot-and-java-erudio] [ream-1923844829] tc.testcontainers/ryuk:0.11.0            : Pulling image layers:  0 pending,  0 downloaded,  0 extracted, (0 bytes/0 bytes)
2026-02-21T13:14:43.379-03:00  INFO 6776 --- [rest-with-spring-boot-and-java-erudio] [ream-1923844829] tc.testcontainers/ryuk:0.11.0            : Pulling image layers:  2 pending,  1 downloaded,  0 extracted, (114 KB/? MB)
2026-02-21T13:14:43.509-03:00  INFO 6776 --- [rest-with-spring-boot-and-java-erudio] [ream-1923844829] tc.testcontainers/ryuk:0.11.0            : Pulling image layers:  1 pending,  2 downloaded,  0 extracted, (3 MB/? MB)
2026-02-21T13:14:43.603-03:00  INFO 6776 --- [rest-with-spring-boot-and-java-erudio] [ream-1923844829] tc.testcontainers/ryuk:0.11.0            : Pulling image layers:  0 pending,  3 downloaded,  0 extracted, (6 MB/10 MB)
2026-02-21T13:14:43.735-03:00  INFO 6776 --- [rest-with-spring-boot-and-java-erudio] [ream-1923844829] tc.testcontainers/ryuk:0.11.0            : Pulling image layers:  0 pending,  3 downloaded,  1 extracted, (7 MB/10 MB)
2026-02-21T13:14:43.882-03:00  INFO 6776 --- [rest-with-spring-boot-and-java-erudio] [ream-1923844829] tc.testcontainers/ryuk:0.11.0            : Pulling image layers:  0 pending,  3 downloaded,  2 extracted, (8 MB/10 MB)
2026-02-21T13:14:43.945-03:00  INFO 6776 --- [rest-with-spring-boot-and-java-erudio] [ream-1923844829] tc.testcontainers/ryuk:0.11.0            : Pulling image layers:  0 pending,  3 downloaded,  3 extracted, (10 MB/10 MB)
2026-02-21T13:14:43.963-03:00  INFO 6776 --- [rest-with-spring-boot-and-java-erudio] [ers-lifecycle-0] tc.testcontainers/ryuk:0.11.0            : Image testcontainers/ryuk:0.11.0 pull took PT3.8241071S
2026-02-21T13:14:43.963-03:00  INFO 6776 --- [rest-with-spring-boot-and-java-erudio] [ream-1923844829] tc.testcontainers/ryuk:0.11.0            : Pull complete. 3 layers, pulled in 1s (downloaded 10 MB at 10 MB/s)
2026-02-21T13:14:44.000-03:00  INFO 6776 --- [rest-with-spring-boot-and-java-erudio] [ers-lifecycle-0] tc.testcontainers/ryuk:0.11.0            : Creating container for image: testcontainers/ryuk:0.11.0
2026-02-21T13:14:44.148-03:00  INFO 6776 --- [rest-with-spring-boot-and-java-erudio] [ers-lifecycle-0] tc.testcontainers/ryuk:0.11.0            : Container testcontainers/ryuk:0.11.0 is starting: 6ec59d04cdca40f4bef459b6fbbd15bba4d738483edf45979b522b6ae76135a2
2026-02-21T13:14:44.796-03:00  INFO 6776 --- [rest-with-spring-boot-and-java-erudio] [ers-lifecycle-0] tc.testcontainers/ryuk:0.11.0            : Container testcontainers/ryuk:0.11.0 started in PT0.7962575S
2026-02-21T13:14:44.809-03:00  INFO 6776 --- [rest-with-spring-boot-and-java-erudio] [ers-lifecycle-0] o.t.utility.RyukResourceReaper           : Ryuk started - will monitor and terminate Testcontainers containers on JVM exit
2026-02-21T13:14:44.810-03:00  INFO 6776 --- [rest-with-spring-boot-and-java-erudio] [ers-lifecycle-0] org.testcontainers.DockerClientFactory   : Checking the system...
2026-02-21T13:14:44.811-03:00  INFO 6776 --- [rest-with-spring-boot-and-java-erudio] [ers-lifecycle-0] org.testcontainers.DockerClientFactory   : ✔︎ Docker server version should be at least 1.6.0
2026-02-21T13:14:44.822-03:00  INFO 6776 --- [rest-with-spring-boot-and-java-erudio] [ers-lifecycle-0] tc.mysql:8.0.28                          : Pulling docker image: mysql:8.0.28. Please be patient; this may take some time but only needs to be done once.
2026-02-21T13:14:46.416-03:00  INFO 6776 --- [rest-with-spring-boot-and-java-erudio] [eam--1473839033] tc.mysql:8.0.28                          : Starting to pull image
2026-02-21T13:14:46.417-03:00  INFO 6776 --- [rest-with-spring-boot-and-java-erudio] [eam--1473839033] tc.mysql:8.0.28                          : Pulling image layers:  0 pending,  0 downloaded,  0 extracted, (0 bytes/0 bytes)
2026-02-21T13:14:47.555-03:00  INFO 6776 --- [rest-with-spring-boot-and-java-erudio] [eam--1473839033] tc.mysql:8.0.28                          : Pulling image layers: 11 pending,  1 downloaded,  0 extracted, (1 KB/? MB)
2026-02-21T13:14:47.782-03:00  INFO 6776 --- [rest-with-spring-boot-and-java-erudio] [eam--1473839033] tc.mysql:8.0.28                          : Pulling image layers: 10 pending,  2 downloaded,  0 extracted, (7 MB/? MB)
2026-02-21T13:14:48.266-03:00  INFO 6776 --- [rest-with-spring-boot-and-java-erudio] [eam--1473839033] tc.mysql:8.0.28                          : Pulling image layers:  9 pending,  3 downloaded,  0 extracted, (24 MB/? MB)
2026-02-21T13:14:48.383-03:00  INFO 6776 --- [rest-with-spring-boot-and-java-erudio] [eam--1473839033] tc.mysql:8.0.28                          : Pulling image layers:  8 pending,  4 downloaded,  0 extracted, (27 MB/? MB)
2026-02-21T13:14:48.413-03:00  INFO 6776 --- [rest-with-spring-boot-and-java-erudio] [eam--1473839033] tc.mysql:8.0.28                          : Pulling image layers:  7 pending,  5 downloaded,  0 extracted, (27 MB/? MB)
2026-02-21T13:14:49.010-03:00  INFO 6776 --- [rest-with-spring-boot-and-java-erudio] [eam--1473839033] tc.mysql:8.0.28                          : Pulling image layers:  6 pending,  6 downloaded,  0 extracted, (30 MB/? MB)
2026-02-21T13:14:49.406-03:00  INFO 6776 --- [rest-with-spring-boot-and-java-erudio] [eam--1473839033] tc.mysql:8.0.28                          : Pulling image layers:  5 pending,  7 downloaded,  0 extracted, (37 MB/? MB)
2026-02-21T13:14:49.738-03:00  INFO 6776 --- [rest-with-spring-boot-and-java-erudio] [eam--1473839033] tc.mysql:8.0.28                          : Pulling image layers:  4 pending,  8 downloaded,  0 extracted, (38 MB/? MB)
2026-02-21T13:14:50.060-03:00  INFO 6776 --- [rest-with-spring-boot-and-java-erudio] [eam--1473839033] tc.mysql:8.0.28                          : Pulling image layers:  3 pending,  9 downloaded,  0 extracted, (45 MB/? MB)
2026-02-21T13:14:50.442-03:00  INFO 6776 --- [rest-with-spring-boot-and-java-erudio] [eam--1473839033] tc.mysql:8.0.28                          : Pulling image layers:  2 pending, 10 downloaded,  0 extracted, (57 MB/? MB)
2026-02-21T13:14:52.136-03:00  INFO 6776 --- [rest-with-spring-boot-and-java-erudio] [eam--1473839033] tc.mysql:8.0.28                          : Pulling image layers:  2 pending, 10 downloaded,  1 extracted, (107 MB/? MB)
2026-02-21T13:14:52.205-03:00  INFO 6776 --- [rest-with-spring-boot-and-java-erudio] [eam--1473839033] tc.mysql:8.0.28                          : Pulling image layers:  2 pending, 10 downloaded,  2 extracted, (111 MB/? MB)
2026-02-21T13:14:52.563-03:00  INFO 6776 --- [rest-with-spring-boot-and-java-erudio] [eam--1473839033] tc.mysql:8.0.28                          : Pulling image layers:  2 pending, 10 downloaded,  3 extracted, (121 MB/? MB)
2026-02-21T13:14:52.704-03:00  INFO 6776 --- [rest-with-spring-boot-and-java-erudio] [eam--1473839033] tc.mysql:8.0.28                          : Pulling image layers:  2 pending, 10 downloaded,  4 extracted, (129 MB/? MB)
2026-02-21T13:14:52.757-03:00  INFO 6776 --- [rest-with-spring-boot-and-java-erudio] [eam--1473839033] tc.mysql:8.0.28                          : Pulling image layers:  2 pending, 10 downloaded,  5 extracted, (129 MB/? MB)
2026-02-21T13:14:53.165-03:00  INFO 6776 --- [rest-with-spring-boot-and-java-erudio] [eam--1473839033] tc.mysql:8.0.28                          : Pulling image layers:  1 pending, 11 downloaded,  5 extracted, (143 MB/? MB)
2026-02-21T13:14:54.039-03:00  INFO 6776 --- [rest-with-spring-boot-and-java-erudio] [eam--1473839033] tc.mysql:8.0.28                          : Pulling image layers:  1 pending, 11 downloaded,  6 extracted, (146 MB/? MB)
2026-02-21T13:14:54.062-03:00  INFO 6776 --- [rest-with-spring-boot-and-java-erudio] [eam--1473839033] tc.mysql:8.0.28                          : Pulling image layers:  1 pending, 11 downloaded,  7 extracted, (146 MB/? MB)
2026-02-21T13:14:54.090-03:00  INFO 6776 --- [rest-with-spring-boot-and-java-erudio] [eam--1473839033] tc.mysql:8.0.28                          : Pulling image layers:  1 pending, 11 downloaded,  8 extracted, (146 MB/? MB)
2026-02-21T13:14:57.139-03:00  INFO 6776 --- [rest-with-spring-boot-and-java-erudio] [eam--1473839033] tc.mysql:8.0.28                          : Pulling image layers:  1 pending, 11 downloaded,  9 extracted, (147 MB/? MB)
2026-02-21T13:14:57.169-03:00  INFO 6776 --- [rest-with-spring-boot-and-java-erudio] [eam--1473839033] tc.mysql:8.0.28                          : Pulling image layers:  1 pending, 11 downloaded, 10 extracted, (147 MB/? MB)
2026-02-21T13:14:57.195-03:00  INFO 6776 --- [rest-with-spring-boot-and-java-erudio] [eam--1473839033] tc.mysql:8.0.28                          : Pulling image layers:  1 pending, 11 downloaded, 11 extracted, (147 MB/? MB)
2026-02-21T13:14:57.223-03:00  INFO 6776 --- [rest-with-spring-boot-and-java-erudio] [eam--1473839033] tc.mysql:8.0.28                          : Pulling image layers:  1 pending, 11 downloaded, 12 extracted, (147 MB/? MB)
2026-02-21T13:14:57.245-03:00  INFO 6776 --- [rest-with-spring-boot-and-java-erudio] [ers-lifecycle-0] tc.mysql:8.0.28                          : Image mysql:8.0.28 pull took PT12.4224421S
2026-02-21T13:14:57.245-03:00  INFO 6776 --- [rest-with-spring-boot-and-java-erudio] [eam--1473839033] tc.mysql:8.0.28                          : Pull complete. 12 layers, pulled in 10s (downloaded 147 MB at 14 MB/s)
2026-02-21T13:14:57.256-03:00  INFO 6776 --- [rest-with-spring-boot-and-java-erudio] [ers-lifecycle-0] tc.mysql:8.0.28                          : Creating container for image: mysql:8.0.28
2026-02-21T13:14:57.465-03:00  INFO 6776 --- [rest-with-spring-boot-and-java-erudio] [ers-lifecycle-0] tc.mysql:8.0.28                          : Container mysql:8.0.28 is starting: ea5a8fcb3646520a2494810045d7bb6ee4002f845e712c7f6cd662f432186488
2026-02-21T13:14:57.800-03:00  INFO 6776 --- [rest-with-spring-boot-and-java-erudio] [ers-lifecycle-0] tc.mysql:8.0.28                          : Waiting for database connection to become available at jdbc:mysql://localhost:52783/test using query 'SELECT 1'
2026-02-21T13:15:14.946-03:00  INFO 6776 --- [rest-with-spring-boot-and-java-erudio] [ers-lifecycle-0] tc.mysql:8.0.28                          : Container mysql:8.0.28 started in PT17.6898271S
2026-02-21T13:15:14.947-03:00  INFO 6776 --- [rest-with-spring-boot-and-java-erudio] [ers-lifecycle-0] tc.mysql:8.0.28                          : Container is started (JDBC URL: jdbc:mysql://localhost:52783/test)
2026-02-21T13:15:14.959-03:00  INFO 6776 --- [rest-with-spring-boot-and-java-erudio] [           main] b.c.e.i.swagger.SwaggerIntegrationTest   : Starting SwaggerIntegrationTest using Java 21.0.6 with PID 6776 (started by Guilherme in C:\Users\Guilherme\Desktop\Udemy\rest-with-spring-boot-and-java-erudio\17_IntroToIntegrationTests\rest-with-spring-boot-and-java-erudio)
2026-02-21T13:15:14.962-03:00  INFO 6776 --- [rest-with-spring-boot-and-java-erudio] [           main] b.c.e.i.swagger.SwaggerIntegrationTest   : No active profile set, falling back to 1 default profile: "default"
2026-02-21T13:15:19.134-03:00  INFO 6776 --- [rest-with-spring-boot-and-java-erudio] [           main] .s.d.r.c.RepositoryConfigurationDelegate : Bootstrapping Spring Data JPA repositories in DEFAULT mode.
2026-02-21T13:15:23.143-03:00  INFO 6776 --- [rest-with-spring-boot-and-java-erudio] [           main] .s.d.r.c.RepositoryConfigurationDelegate : Finished Spring Data repository scanning in 3622 ms. Found 2 JPA repository interfaces.
2026-02-21T13:15:27.402-03:00  INFO 6776 --- [rest-with-spring-boot-and-java-erudio] [           main] o.s.b.w.embedded.tomcat.TomcatWebServer  : Tomcat initialized with port 8888 (http)
2026-02-21T13:15:27.453-03:00  INFO 6776 --- [rest-with-spring-boot-and-java-erudio] [           main] o.apache.catalina.core.StandardService   : Starting service [Tomcat]
2026-02-21T13:15:27.455-03:00  INFO 6776 --- [rest-with-spring-boot-and-java-erudio] [           main] o.apache.catalina.core.StandardEngine    : Starting Servlet engine: [Apache Tomcat/10.1.33]
2026-02-21T13:15:27.662-03:00  INFO 6776 --- [rest-with-spring-boot-and-java-erudio] [           main] o.a.c.c.C.[Tomcat].[localhost].[/]       : Initializing Spring embedded WebApplicationContext
2026-02-21T13:15:27.664-03:00  INFO 6776 --- [rest-with-spring-boot-and-java-erudio] [           main] w.s.c.ServletWebServerApplicationContext : Root WebApplicationContext: initialization completed in 12049 ms
2026-02-21T13:15:28.443-03:00  INFO 6776 --- [rest-with-spring-boot-and-java-erudio] [           main] com.zaxxer.hikari.HikariDataSource       : HikariPool-1 - Starting...
2026-02-21T13:15:29.011-03:00  INFO 6776 --- [rest-with-spring-boot-and-java-erudio] [           main] com.zaxxer.hikari.pool.HikariPool        : HikariPool-1 - Added connection com.mysql.cj.jdbc.ConnectionImpl@12608986
2026-02-21T13:15:29.016-03:00  INFO 6776 --- [rest-with-spring-boot-and-java-erudio] [           main] com.zaxxer.hikari.HikariDataSource       : HikariPool-1 - Start completed.
2026-02-21T13:15:29.131-03:00  INFO 6776 --- [rest-with-spring-boot-and-java-erudio] [           main] org.flywaydb.core.FlywayExecutor         : Database: jdbc:mysql://localhost:52783/test (MySQL 8.0)
2026-02-21T13:15:29.949-03:00  INFO 6776 --- [rest-with-spring-boot-and-java-erudio] [           main] o.f.c.i.s.JdbcTableSchemaHistory         : Schema history table `test`.`flyway_schema_history` does not exist yet
2026-02-21T13:15:29.961-03:00  INFO 6776 --- [rest-with-spring-boot-and-java-erudio] [           main] o.f.core.internal.command.DbValidate     : Successfully validated 4 migrations (execution time 00:00.070s)
2026-02-21T13:15:30.025-03:00  INFO 6776 --- [rest-with-spring-boot-and-java-erudio] [           main] o.f.c.i.s.JdbcTableSchemaHistory         : Creating Schema History table `test`.`flyway_schema_history` ...
2026-02-21T13:15:30.180-03:00  INFO 6776 --- [rest-with-spring-boot-and-java-erudio] [           main] o.f.core.internal.command.DbMigrate      : Current version of schema `test`: << Empty Schema >>
2026-02-21T13:15:30.195-03:00  INFO 6776 --- [rest-with-spring-boot-and-java-erudio] [           main] o.f.core.internal.command.DbMigrate      : Migrating schema `test` to version "1 - Create Table Person"
2026-02-21T13:15:30.301-03:00  INFO 6776 --- [rest-with-spring-boot-and-java-erudio] [           main] o.f.core.internal.command.DbMigrate      : Migrating schema `test` to version "2 - Populate Table Person"
2026-02-21T13:15:30.355-03:00  INFO 6776 --- [rest-with-spring-boot-and-java-erudio] [           main] o.f.core.internal.command.DbMigrate      : Migrating schema `test` to version "3 - Create Table Books"
2026-02-21T13:15:30.385-03:00  WARN 6776 --- [rest-with-spring-boot-and-java-erudio] [           main] o.f.c.i.s.DefaultSqlScriptExecutor       : DB: Integer display width is deprecated and will be removed in a future release. (SQL State: HY000 - Error Code: 1681)
2026-02-21T13:15:30.431-03:00  INFO 6776 --- [rest-with-spring-boot-and-java-erudio] [           main] o.f.core.internal.command.DbMigrate      : Migrating schema `test` to version "4 - Insert Data In Books"
2026-02-21T13:15:30.477-03:00  INFO 6776 --- [rest-with-spring-boot-and-java-erudio] [           main] o.f.core.internal.command.DbMigrate      : Successfully applied 4 migrations to schema `test`, now at version v4 (execution time 00:00.101s)
2026-02-21T13:15:30.590-03:00  INFO 6776 --- [rest-with-spring-boot-and-java-erudio] [           main] o.hibernate.jpa.internal.util.LogHelper  : HHH000204: Processing PersistenceUnitInfo [name: default]
2026-02-21T13:15:30.679-03:00  INFO 6776 --- [rest-with-spring-boot-and-java-erudio] [           main] org.hibernate.Version                    : HHH000412: Hibernate ORM core version 6.6.2.Final
2026-02-21T13:15:30.738-03:00  INFO 6776 --- [rest-with-spring-boot-and-java-erudio] [           main] o.h.c.internal.RegionFactoryInitiator    : HHH000026: Second-level cache disabled
2026-02-21T13:15:31.241-03:00  INFO 6776 --- [rest-with-spring-boot-and-java-erudio] [           main] o.s.o.j.p.SpringPersistenceUnitInfo      : No LoadTimeWeaver setup: ignoring JPA class transformer
2026-02-21T13:15:31.369-03:00  INFO 6776 --- [rest-with-spring-boot-and-java-erudio] [           main] org.hibernate.orm.connections.pooling    : HHH10001005: Database info:
	Database JDBC URL [Connecting through datasource 'HikariDataSource (HikariPool-1)']
	Database driver: undefined/unknown
	Database version: 8.0.28
	Autocommit mode: undefined/unknown
	Isolation level: undefined/unknown
	Minimum pool size: undefined/unknown
	Maximum pool size: undefined/unknown
2026-02-21T13:15:32.605-03:00  INFO 6776 --- [rest-with-spring-boot-and-java-erudio] [           main] o.h.e.t.j.p.i.JtaPlatformInitiator       : HHH000489: No JTA platform available (set 'hibernate.transaction.jta.platform' to enable JTA platform integration)
2026-02-21T13:15:32.608-03:00  INFO 6776 --- [rest-with-spring-boot-and-java-erudio] [           main] j.LocalContainerEntityManagerFactoryBean : Initialized JPA EntityManagerFactory for persistence unit 'default'
2026-02-21T13:15:34.056-03:00  INFO 6776 --- [rest-with-spring-boot-and-java-erudio] [           main] o.s.b.w.embedded.tomcat.TomcatWebServer  : Tomcat started on port 8888 (http) with context path '/'
2026-02-21T13:15:34.066-03:00  INFO 6776 --- [rest-with-spring-boot-and-java-erudio] [           main] b.c.e.i.swagger.SwaggerIntegrationTest   : Started SwaggerIntegrationTest in 55.019 seconds (process running for 56.187)
2026-02-21T13:15:36.243-03:00  INFO 6776 --- [rest-with-spring-boot-and-java-erudio] [nio-8888-exec-1] o.a.c.c.C.[Tomcat].[localhost].[/]       : Initializing Spring DispatcherServlet 'dispatcherServlet'
2026-02-21T13:15:36.243-03:00  INFO 6776 --- [rest-with-spring-boot-and-java-erudio] [nio-8888-exec-1] o.s.web.servlet.DispatcherServlet        : Initializing Servlet 'dispatcherServlet'
2026-02-21T13:15:36.246-03:00  INFO 6776 --- [rest-with-spring-boot-and-java-erudio] [nio-8888-exec-1] o.s.web.servlet.DispatcherServlet        : Completed initialization in 2 ms
]]></system-out>
    <system-err><![CDATA[Mockito is currently self-attaching to enable the inline-mock-maker. This will no longer work in future releases of the JDK. Please add Mockito as an agent to your build what is described in Mockito's documentation: https://javadoc.io/doc/org.mockito/mockito-core/latest/org/mockito/Mockito.html#0.3
WARNING: A Java agent has been loaded dynamically (C:\Users\Guilherme\.m2\repository\net\bytebuddy\byte-buddy-agent\1.15.10\byte-buddy-agent-1.15.10.jar)
WARNING: If a serviceability tool is in use, please run with -XX:+EnableDynamicAgentLoading to hide this warning
WARNING: If a serviceability tool is not in use, please run with -Djdk.instrument.traceUsage for more information
WARNING: Dynamic loading of agents will be disallowed by default in a future release
]]></system-err>
  </testcase>
</testsuite>