<?xml version="1.0" encoding="UTF-8"?>
<testsuite xmlns:xsi="http://www.w3.org/2001/XMLSchema-instance" xsi:noNamespaceSchemaLocation="https://maven.apache.org/surefire/maven-surefire-plugin/xsd/surefire-test-report.xsd" version="3.0.2" name="br.com.erudio.unittests.services.PersonServicesTest" time="0.362" tests="5" errors="0" skipped="0" failures="0">
  <properties>
[...]
</properties>
  <testcase name="create" classname="br.com.erudio.unittests.services.PersonServicesTest" time="0.307">
    <system-out><![CDATA[2026-02-19T20:02:34.519-03:00  INFO 6180 --- [rest-with-spring-boot-and-java-erudio] [           main] b.c.e.unittests.services.BookService     : Creating one Person!
]]></system-out>
  </testcase>
  <testcase name="delete" classname="br.com.erudio.unittests.services.PersonServicesTest" time="0.011">
    <system-out><![CDATA[2026-02-19T20:02:34.763-03:00  INFO 6180 --- [rest-with-spring-boot-and-java-erudio] [           main] b.c.e.unittests.services.BookService     : Deleting one Person!
]]></system-out>
  </testcase>
  <testcase name="findAll" classname="br.com.erudio.unittests.services.PersonServicesTest" time="0.026">
    <system-out><![CDATA[2026-02-19T20:02:34.776-03:00  INFO 6180 --- [rest-with-spring-boot-and-java-erudio] [           main] b.c.e.unittests.services.BookService     : Finding all Person!
]]></system-out>
  </testcase>
  <testcase name="update" classname="br.com.erudio.unittests.services.PersonServicesTest" time="0.007">
    <system-out><![CDATA[2026-02-19T20:02:34.802-03:00  INFO 6180 --- [rest-with-spring-boot-and-java-erudio] [           main] b.c.e.unittests.services.BookService     : Updating one Person!
]]></system-out>
  </testcase>
  <testcase name="findById" classname="br.com.erudio.unittests.services.PersonServicesTest" time="0.006">
    <system-out><![CDATA[2026-02-19T20:02:34.810-03:00  INFO 6180 --- [rest-with-spring-boot-and-java-erudio] [           main] b.c.e.unittests.services.BookService     : Finding one Person!
]]></system-out>
  </testcase>
</testsuite>